<?xml version="1.0" encoding="UTF-8"?>
<testng-results ignored="0" total="2" passed="2" failed="0" skipped="0">
  <reporter-output>
  </reporter-output>
  <suite started-at="2022-12-18T19:52:50 CET" name="Surefire suite" finished-at="2022-12-18T19:53:31 CET" duration-ms="41148">
    <groups>
      <group name="cucumber">
        <method signature="AbstractTestNGCucumberTests.runScenario(io.cucumber.testng.PickleWrapper,io.cucumber.testng.FeatureWrapper)[pri:0, instance:cucumber.TestRunner@a530d0a]" name="runScenario" class="io.cucumber.testng.AbstractTestNGCucumberTests"/>
      </group> <!-- cucumber -->
    </groups>
    <test started-at="2022-12-18T19:52:50 CET" name="Surefire test" finished-at="2022-12-18T19:53:31 CET" duration-ms="41148">
      <class name="cucumber.TestRunner">
        <test-method is-config="true" signature="setUpClass(org.testng.ITestContext)[pri:0, instance:cucumber.TestRunner@a530d0a]" started-at="2022-12-18T19:52:50 CET" name="setUpClass" finished-at="2022-12-18T19:52:51 CET" duration-ms="901" status="PASS">
          <params>
            <param index="0">
              <value>
                <![CDATA[org.testng.TestRunner@59303963]]>
              </value>
            </param>
          </params>
          <reporter-output>
          </reporter-output>
        </test-method> <!-- setUpClass -->
        <test-method signature="runScenario(io.cucumber.testng.PickleWrapper,io.cucumber.testng.FeatureWrapper)[pri:0, instance:cucumber.TestRunner@a530d0a]" started-at="2022-12-18T19:52:51 CET" name="runScenario" description="Runs Cucumber Scenarios" data-provider="scenarios" finished-at="2022-12-18T19:53:19 CET" duration-ms="27637" status="PASS">
          <params>
            <param index="0">
              <value>
                <![CDATA["verify search flight functionality"]]>
              </value>
            </param>
            <param index="1">
              <value>
                <![CDATA["Smoke test for Condor application"]]>
              </value>
            </param>
          </params>
          <reporter-output>
          </reporter-output>
        </test-method> <!-- runScenario -->
        <test-method signature="runScenario(io.cucumber.testng.PickleWrapper,io.cucumber.testng.FeatureWrapper)[pri:0, instance:cucumber.TestRunner@a530d0a]" started-at="2022-12-18T19:53:19 CET" name="runScenario" description="Runs Cucumber Scenarios" data-provider="scenarios" finished-at="2022-12-18T19:53:31 CET" duration-ms="12421" status="PASS">
          <params>
            <param index="0">
              <value>
                <![CDATA["Verify reset to default function"]]>
              </value>
            </param>
            <param index="1">
              <value>
                <![CDATA["Smoke test for Condor application"]]>
              </value>
            </param>
          </params>
          <reporter-output>
          </reporter-output>
        </test-method> <!-- runScenario -->
        <test-method is-config="true" signature="tearDownClass()[pri:0, instance:cucumber.TestRunner@a530d0a]" started-at="2022-12-18T19:53:31 CET" name="tearDownClass" finished-at="2022-12-18T19:53:31 CET" duration-ms="97" status="PASS">
          <reporter-output>
          </reporter-output>
        </test-method> <!-- tearDownClass -->
      </class> <!-- cucumber.TestRunner -->
    </test> <!-- Surefire test -->
  </suite> <!-- Surefire suite -->
</testng-results>
